Using pre-set license
Built from '2020.3/release' branch; Version is '2020.3.12f1 (b3b2c6512326) revision 11776710'; Using compiler version '192528614'; Build Type 'Release'
OS: 'Windows 10 Pro; OS build 19042.1110; Version 2009; 64bit' Language: 'es' Physical Memory: 16303 MB
BatchMode: 1, IsHumanControllingUs: 0, StartBugReporterOnCrash: 0, Is64bit: 1, IsPro: 0

 COMMAND LINE ARGUMENTS:
F:\Programas\Unity\2020.3.12f1\Editor\Unity.exe
-adb2
-batchMode
-noUpm
-name
AssetImportWorker0
-projectPath
F:/Programas/Unity/PROJECTS/CursoJBG/DeCeroAExperto/Videojuego/EndlessRabber
-logFile
Logs/AssetImportWorker0.log
-srvPort
61769
Successfully changed project path to: F:/Programas/Unity/PROJECTS/CursoJBG/DeCeroAExperto/Videojuego/EndlessRabber
F:/Programas/Unity/PROJECTS/CursoJBG/DeCeroAExperto/Videojuego/EndlessRabber
Using Asset Import Pipeline V2.
Refreshing native plugins compatible for Editor in 37.10 ms, found 3 plugins.
Preloading 0 native plugins for Editor in 0.00 ms.
Initialize engine version: 2020.3.12f1 (b3b2c6512326)
[Subsystems] Discovering subsystems at path F:/Programas/Unity/2020.3.12f1/Editor/Data/Resources/UnitySubsystems
[Subsystems] Discovering subsystems at path F:/Programas/Unity/PROJECTS/CursoJBG/DeCeroAExperto/Videojuego/EndlessRabber/Assets
GfxDevice: creating device client; threaded=0
Direct3D:
    Version:  Direct3D 11.0 [level 11.1]
    Renderer: NVIDIA GeForce GTX 1650 (ID=0x1f91)
    Vendor:   
    VRAM:     3962 MB
    Driver:   27.21.14.5749
Initialize mono
Mono path[0] = 'F:/Programas/Unity/2020.3.12f1/Editor/Data/Managed'
Mono path[1] = 'F:/Programas/Unity/2020.3.12f1/Editor/Data/MonoBleedingEdge/lib/mono/unityjit'
Mono config path = 'F:/Programas/Unity/2020.3.12f1/Editor/Data/MonoBleedingEdge/etc'
Using monoOptions --debugger-agent=transport=dt_socket,embedding=1,server=y,suspend=n,address=127.0.0.1:56956
Begin MonoManager ReloadAssembly
Registering precompiled unity dll's ...
Register platform support module: F:/Programas/Unity/2020.3.12f1/Editor/Data/PlaybackEngines/WebGLSupport/UnityEditor.WebGL.Extensions.dll
Register platform support module: F:/Programas/Unity/2020.3.12f1/Editor/Data/PlaybackEngines/WindowsStandaloneSupport/UnityEditor.WindowsStandalone.Extensions.dll
Registered in 0.001319 seconds.
Native extension for WindowsStandalone target not found
Native extension for WebGL target not found
Refreshing native plugins compatible for Editor in 36.35 ms, found 3 plugins.
Preloading 0 native plugins for Editor in 0.00 ms.
Mono: successfully reloaded assembly
- Completed reload, in  1.457 seconds
Platform modules already initialized, skipping
Registering precompiled user dll's ...
Registered in 0.003665 seconds.
Begin MonoManager ReloadAssembly
Native extension for WindowsStandalone target not found
Native extension for WebGL target not found
Refreshing native plugins compatible for Editor in 34.93 ms, found 3 plugins.
Preloading 0 native plugins for Editor in 0.00 ms.
Mono: successfully reloaded assembly
- Completed reload, in  1.075 seconds
Platform modules already initialized, skipping
========================================================================
Worker process is ready to serve import requests
Launched and connected shader compiler UnityShaderCompiler.exe after 0.07 seconds
Refreshing native plugins compatible for Editor in 0.38 ms, found 3 plugins.
Preloading 0 native plugins for Editor in 0.00 ms.
Unloading 2080 Unused Serialized files (Serialized files now loaded: 0)
System memory in use before: 93.5 MB.
System memory in use after: 93.4 MB.

Unloading 33 unused Assets to reduce memory usage. Loaded Objects now: 2513.
Total: 2.202100 ms (FindLiveObjects: 0.173700 ms CreateObjectMapping: 0.057800 ms MarkObjects: 1.863900 ms  DeleteObjects: 0.106000 ms)

AssetImportParameters requested are different than current active one (requested -> active):
  custom:framework-win-MediaFoundation: 216162199b28c13a410421893ffa2e32 -> 
  custom:video-decoder-ogg-theora: a1e56fd34408186e4bbccfd4996cb3dc -> 
  custom:container-muxer-webm: aa71ff27fc2769a1b78a27578f13a17b -> 
  custom:container-demuxer-webm: 4f35f7cbe854078d1ac9338744f61a02 -> 
  custom:container-demuxer-ogg: 62fdf1f143b41e24485cea50d1cbac27 -> 
  custom:video-encoder-webm-vp8: eb34c28f22e8b96e1ab97ce403110664 -> 
  custom:video-decoder-webm-vp8: 9c59270c3fd7afecdb556c50c9e8de78 -> 
  custom:audio-decoder-ogg-vorbis: bf7c407c2cedff20999df2af8eb42d56 -> 
  custom:audio-encoder-webm-vorbis: bf7c407c2cedff20999df2af8eb42d56 -> 
========================================================================
Received Import Request.
  path: Assets/Scripts
  artifactKey: Guid(0313d57022b2c0d438a2b9fdb1be5177) Importer(815301076,1909f56bfc062723c751e8b465ee728b)
Start importing Assets/Scripts using Guid(0313d57022b2c0d438a2b9fdb1be5177) Importer(815301076,1909f56bfc062723c751e8b465ee728b)  -> (artifact id: 'c3abd53c9f10ebb3b8b8009fe4ec87ad') in 0.018113 seconds 
  Import took 0.023364 seconds .

========================================================================
Received Import Request.
  Time since last request: 0.000363 seconds.
  path: Assets
  artifactKey: Guid(00000000000000001000000000000000) Importer(815301076,1909f56bfc062723c751e8b465ee728b)
Start importing Assets using Guid(00000000000000001000000000000000) Importer(815301076,1909f56bfc062723c751e8b465ee728b)  -> (artifact id: '42d402b061de3733987d63b9cc3b64de') in 0.001170 seconds 
  Import took 0.004834 seconds .

========================================================================
Received Import Request.
  Time since last request: 3.970258 seconds.
  path: Assets/Prefabs
  artifactKey: Guid(b72444392f75d2c48a6244d5c5649eb0) Importer(815301076,1909f56bfc062723c751e8b465ee728b)
Start importing Assets/Prefabs using Guid(b72444392f75d2c48a6244d5c5649eb0) Importer(815301076,1909f56bfc062723c751e8b465ee728b)  -> (artifact id: '114228373d9450d79856663e44f435b7') in 0.001677 seconds 
  Import took 0.041137 seconds .

========================================================================
Received Import Request.
  Time since last request: 6.756516 seconds.
  path: Assets/Animations
  artifactKey: Guid(acb8e847884bf4b45890c7f85669ee7e) Importer(815301076,1909f56bfc062723c751e8b465ee728b)
Start importing Assets/Animations using Guid(acb8e847884bf4b45890c7f85669ee7e) Importer(815301076,1909f56bfc062723c751e8b465ee728b)  -> (artifact id: '0dd023d3516a6652e5dd3523676ff00f') in 0.001378 seconds 
  Import took 0.005278 seconds .

========================================================================
Received Import Request.
  Time since last request: 27.237074 seconds.
  path: Assets/Materials
  artifactKey: Guid(36090f0d7e977ab4ba49c2a334597ec4) Importer(815301076,1909f56bfc062723c751e8b465ee728b)
Start importing Assets/Materials using Guid(36090f0d7e977ab4ba49c2a334597ec4) Importer(815301076,1909f56bfc062723c751e8b465ee728b)  -> (artifact id: '10f90453389e7e57f15a7669e1fbb337') in 0.001692 seconds 
  Import took 0.004422 seconds .

========================================================================
Received Import Request.
  Time since last request: 6.165951 seconds.
  path: Assets/Sprites
  artifactKey: Guid(298680e5bf594a348ab55a958eb1e5d4) Importer(815301076,1909f56bfc062723c751e8b465ee728b)
Start importing Assets/Sprites using Guid(298680e5bf594a348ab55a958eb1e5d4) Importer(815301076,1909f56bfc062723c751e8b465ee728b)  -> (artifact id: '48fa406850d330d020c8b8d5e3c23590') in 0.001569 seconds 
  Import took 0.005320 seconds .

========================================================================
Received Import Request.
  Time since last request: 19.474617 seconds.
  path: Assets/Scenes
  artifactKey: Guid(c2a9bcf3970853e48b15de361a7f0840) Importer(815301076,1909f56bfc062723c751e8b465ee728b)
Start importing Assets/Scenes using Guid(c2a9bcf3970853e48b15de361a7f0840) Importer(815301076,1909f56bfc062723c751e8b465ee728b)  -> (artifact id: '22857747ef8f7691db956bcc77e4a703') in 0.001447 seconds 
  Import took 0.089781 seconds .

========================================================================
Received Import Request.
  Time since last request: 1.455427 seconds.
  path: Assets/Scenes/SampleScene.unity
  artifactKey: Guid(2cda990e2423bbf4892e6590ba056729) Importer(815301076,1909f56bfc062723c751e8b465ee728b)
Start importing Assets/Scenes/SampleScene.unity using Guid(2cda990e2423bbf4892e6590ba056729) Importer(815301076,1909f56bfc062723c751e8b465ee728b)  -> (artifact id: 'aa27944bdea339c97c39027c7eea529c') in 0.010255 seconds 
  Import took 0.014200 seconds .

========================================================================
Received Import Request.
  Time since last request: 14.152240 seconds.
  path: Assets/Scenes/MainScene.unity
  artifactKey: Guid(2cda990e2423bbf4892e6590ba056729) Importer(815301076,1909f56bfc062723c751e8b465ee728b)
Start importing Assets/Scenes/MainScene.unity using Guid(2cda990e2423bbf4892e6590ba056729) Importer(815301076,1909f56bfc062723c751e8b465ee728b)  -> (artifact id: '18e8003c8cc64cbebb2abe648ca68268') in 0.002099 seconds 
  Import took 0.005148 seconds .

========================================================================
Received Import Request.
  Time since last request: 16.795747 seconds.
  path: Assets/Audio
  artifactKey: Guid(634dea568237cff4e94d5a811f19f373) Importer(815301076,1909f56bfc062723c751e8b465ee728b)
Start importing Assets/Audio using Guid(634dea568237cff4e94d5a811f19f373) Importer(815301076,1909f56bfc062723c751e8b465ee728b)  -> (artifact id: '883c8cea6699adb61fd31e0f693c7786') in 0.001506 seconds 
  Import took 0.082215 seconds .

